TN:
SF:script/01_CreatePoolAndMintLiquidity.s.sol
DA:18,0
FN:18,CreatePoolAndMintLiquidityScript.setUp
FNDA:0,CreatePoolAndMintLiquidityScript.setUp
DA:20,0
FN:20,CreatePoolAndMintLiquidityScript.run
FNDA:0,CreatePoolAndMintLiquidityScript.run
DA:21,0
DA:22,0
DA:23,0
DA:24,0
DA:27,0
DA:35,0
DA:37,0
DA:40,0
DA:43,0
DA:44,0
DA:49,0
DA:51,0
DA:52,0
DA:53,0
DA:54,0
DA:55,0
DA:57,0
FNF:2
FNH:0
LF:19
LH:0
BRF:0
BRH:0
end_of_record
TN:
SF:script/Anvil.s.sol
DA:12,0
FN:12,AnvilScript.setUp
FNDA:0,AnvilScript.setUp
DA:14,0
FN:14,AnvilScript.run
FNDA:0,AnvilScript.run
DA:15,0
DA:16,0
DA:17,0
DA:20,0
DA:21,0
DA:22,0
DA:25,0
DA:26,0
DA:27,0
DA:30,0
DA:31,0
DA:32,0
DA:35,0
DA:36,0
DA:37,0
DA:39,0
DA:40,0
DA:41,0
FNF:2
FNH:0
LF:20
LH:0
BRF:0
BRH:0
end_of_record
TN:
SF:script/AuctionDemo.s.sol
DA:18,0
FN:18,AuctionDemoScript.setUp
FNDA:0,AuctionDemoScript.setUp
DA:19,0
DA:22,0
FN:22,AuctionDemoScript.run
FNDA:0,AuctionDemoScript.run
DA:23,0
DA:24,0
DA:25,0
DA:26,0
DA:29,0
DA:32,0
DA:35,0
DA:37,0
DA:40,0
FN:40,AuctionDemoScript.createDemoAuction
FNDA:0,AuctionDemoScript.createDemoAuction
DA:41,0
DA:43,0
DA:46,0
DA:47,0
DA:51,0
DA:52,0
DA:53,0
DA:54,0
DA:57,0
DA:67,0
DA:69,0
DA:70,0
DA:72,0
DA:75,0
FN:75,AuctionDemoScript.submitDemoBids
FNDA:0,AuctionDemoScript.submitDemoBids
DA:76,0
DA:79,0
DA:80,0
DA:81,0
DA:84,0
DA:85,0
DA:86,0
DA:87,0
DA:88,0
DA:91,0
DA:92,0
DA:93,0
DA:94,0
DA:95,0
DA:98,0
DA:99,0
DA:100,0
DA:101,0
DA:102,0
DA:104,0
DA:107,0
FN:107,AuctionDemoScript.checkAuctionInfo
FNDA:0,AuctionDemoScript.checkAuctionInfo
DA:108,0
DA:110,0
DA:111,0
DA:113,0
DA:114,0
DA:115,0
DA:116,0
DA:117,0
DA:118,0
DA:121,0
DA:122,0
DA:126,0
FN:126,AuctionDemoScript.settleDemoAuction
FNDA:0,AuctionDemoScript.settleDemoAuction
DA:127,0
DA:129,0
DA:130,0
DA:131,0
DA:133,0
DA:137,0
FN:137,AuctionDemoScript.revealDemoParameters
FNDA:0,AuctionDemoScript.revealDemoParameters
DA:138,0
DA:140,0
DA:141,0
DA:142,0
DA:144,0
FNF:7
FNH:0
LF:70
LH:0
BRF:0
BRH:0
end_of_record
TN:
SF:script/DeployTokens.s.sol
DA:10,0
FN:10,DeployTokensScript.setUp
FNDA:0,DeployTokensScript.setUp
DA:12,0
FN:12,DeployTokensScript.run
FNDA:0,DeployTokensScript.run
DA:13,0
DA:14,0
DA:15,0
DA:17,0
DA:20,0
DA:23,0
DA:26,0
DA:27,0
DA:29,0
DA:31,0
DA:32,0
DA:33,0
DA:35,0
DA:39,0
FN:39,DeployTokensScript.runSorted
FNDA:0,DeployTokensScript.runSorted
DA:40,0
DA:43,0
BRDA:43,0,0,-
BRDA:43,0,1,-
DA:44,0
DA:45,0
DA:47,0
DA:48,0
DA:51,0
DA:52,0
DA:53,0
DA:55,0
FNF:3
FNH:0
LF:26
LH:0
BRF:2
BRH:0
end_of_record
TN:
SF:script/StealthAuction.s.sol
DA:14,0
FN:14,StealthAuctionScript.setUp
FNDA:0,StealthAuctionScript.setUp
DA:16,0
FN:16,StealthAuctionScript.run
FNDA:0,StealthAuctionScript.run
DA:17,0
DA:18,0
DA:19,0
DA:23,0
DA:29,0
DA:30,0
DA:31,0
DA:33,0
DA:34,0
DA:37,0
DA:38,0
DA:39,0
DA:41,0
BRDA:41,0,0,-
BRDA:41,0,1,-
DA:43,0
DA:44,0
DA:45,0
DA:46,0
DA:47,0
DA:48,0
DA:50,0
FNF:2
FNH:0
LF:22
LH:0
BRF:2
BRH:0
end_of_record
TN:
SF:script/base/Config.sol
DA:18,0
FN:18,Config.constructor
FNDA:0,Config.constructor
DA:19,0
BRDA:19,0,0,-
BRDA:19,0,1,-
DA:21,0
DA:22,0
DA:23,0
DA:24,0
DA:25,0
DA:26,0
BRDA:26,1,0,-
BRDA:26,1,1,-
DA:28,0
DA:29,0
DA:30,0
DA:31,0
DA:32,0
DA:33,0
BRDA:33,2,0,-
BRDA:33,2,1,-
DA:35,0
DA:36,0
DA:37,0
DA:38,0
DA:39,0
DA:41,0
FNF:1
FNH:0
LF:20
LH:0
BRF:6
BRH:0
end_of_record
TN:
SF:script/base/Constants.sol
DA:32,0
FN:32,Constants.constructor
FNDA:0,Constants.constructor
DA:33,0
DA:34,0
FNF:1
FNH:0
LF:3
LH:0
BRF:0
BRH:0
end_of_record
TN:
SF:script/base/PoolManagerAddresses.sol
DA:10,0
FN:10,PoolManagerAddresses.getPoolManagerByChainId
FNDA:0,PoolManagerAddresses.getPoolManagerByChainId
DA:11,0
BRDA:11,0,0,-
BRDA:11,0,1,-
DA:13,0
DA:14,0
BRDA:14,1,0,-
BRDA:14,1,1,-
DA:16,0
DA:17,0
BRDA:17,2,0,-
BRDA:17,2,1,-
DA:19,0
DA:20,0
BRDA:20,3,0,-
BRDA:20,3,1,-
DA:22,0
DA:23,0
BRDA:23,4,0,-
BRDA:23,4,1,-
DA:25,0
DA:27,0
FNF:1
FNH:0
LF:12
LH:0
BRF:10
BRH:0
end_of_record
TN:
SF:script/base/PositionManagerAddresses.sol
DA:10,0
FN:10,PositionManagerAddresses.getPositionManagerByChainId
FNDA:0,PositionManagerAddresses.getPositionManagerByChainId
DA:11,0
BRDA:11,0,0,-
BRDA:11,0,1,-
DA:13,0
DA:14,0
BRDA:14,1,0,-
BRDA:14,1,1,-
DA:16,0
DA:17,0
BRDA:17,2,0,-
BRDA:17,2,1,-
DA:19,0
DA:20,0
BRDA:20,3,0,-
BRDA:20,3,1,-
DA:22,0
DA:23,0
BRDA:23,4,0,-
BRDA:23,4,1,-
DA:25,0
DA:27,0
FNF:1
FNH:0
LF:12
LH:0
BRF:10
BRH:0
end_of_record
TN:
SF:src/AuctionToken.sol
DA:21,70
FN:21,AuctionToken.constructor
FNDA:70,AuctionToken.constructor
DA:22,70
DA:28,324
FN:28,AuctionToken.mint
FNDA:324,AuctionToken.mint
DA:29,324
DA:30,324
DA:36,262
FN:36,AuctionToken.burn.0
FNDA:262,AuctionToken.burn.0
DA:37,262
DA:38,262
DA:43,1
FN:43,AuctionToken.decimals
FNDA:1,AuctionToken.decimals
DA:44,1
DA:49,4
FN:49,AuctionToken.burn.1
FNDA:4,AuctionToken.burn.1
DA:50,4
DA:51,3
DA:57,258
FN:57,AuctionToken.batchMint
FNDA:258,AuctionToken.batchMint
DA:58,258
BRDA:58,0,0,-
BRDA:58,0,1,-
DA:60,257
DA:61,598
DA:62,598
FNF:6
FNH:6
LF:18
LH:18
BRF:2
BRH:0
end_of_record
TN:
SF:src/StealthAuction.sol
DA:53,0
FN:53,StealthAuction.onlyByManager
FNDA:0,StealthAuction.onlyByManager
DA:54,0
BRDA:54,0,0,-
DA:155,17
FN:155,StealthAuction.constructor
FNDA:17,StealthAuction.constructor
DA:157,17
DA:158,17
DA:165,18
FN:165,StealthAuction.getHookPermissions
FNDA:18,StealthAuction.getHookPermissions
DA:166,18
DA:188,20
FN:188,StealthAuction.createEncryptedAuction
FNDA:20,StealthAuction.createEncryptedAuction
DA:200,20
DA:203,20
DA:206,20
DA:209,20
DA:210,20
DA:215,20
DA:219,20
FN:219,StealthAuction._setupAuctionEncryption
FNDA:20,StealthAuction._setupAuctionEncryption
DA:228,20
DA:229,20
DA:230,20
DA:231,20
DA:234,20
DA:239,20
DA:248,20
FN:248,StealthAuction._createAuctionData
FNDA:20,StealthAuction._createAuctionData
DA:249,20
DA:252,20
DA:253,20
DA:254,20
DA:257,20
DA:260,20
DA:263,20
DA:264,20
DA:267,20
DA:270,20
DA:287,20
DA:294,27
FN:294,StealthAuction.submitEncryptedBid
FNDA:27,StealthAuction.submitEncryptedBid
DA:295,27
DA:297,27
BRDA:297,1,0,1
DA:298,26
BRDA:298,2,0,1
DA:301,25
DA:304,25
DA:309,25
DA:310,25
DA:313,25
DA:314,25
DA:316,25
DA:319,25
DA:322,25
DA:332,25
DA:340,25
DA:343,25
DA:346,25
DA:349,25
DA:350,25
DA:351,25
DA:352,25
DA:354,25
DA:361,17
FN:361,StealthAuction._afterInitialize
FNDA:17,StealthAuction._afterInitialize
DA:367,17
DA:370,17
DA:373,17
DA:376,17
DA:377,17
DA:378,17
DA:380,17
DA:382,17
DA:385,0
FN:385,StealthAuction._beforeAddLiquidity
FNDA:0,StealthAuction._beforeAddLiquidity
DA:391,0
DA:394,0
DA:396,0
BRDA:396,3,0,-
DA:398,0
DA:401,0
DA:402,0
DA:403,0
DA:405,0
DA:406,0
DA:409,0
DA:412,0
DA:415,0
FN:415,StealthAuction._afterSwap
FNDA:0,StealthAuction._afterSwap
DA:421,0
DA:424,0
DA:427,0
DA:429,0
DA:432,0
FN:432,StealthAuction._beforeSwap
FNDA:0,StealthAuction._beforeSwap
DA:438,0
DA:441,0
BRDA:441,4,0,-
DA:442,0
DA:446,0
DA:448,0
BRDA:448,5,0,-
DA:449,0
DA:453,0
DA:456,0
FN:456,StealthAuction.processAuctionSwap
FNDA:0,StealthAuction.processAuctionSwap
DA:463,0
DA:464,0
DA:466,0
BRDA:466,6,0,-
DA:469,0
DA:470,0
DA:471,0
DA:472,0
DA:473,0
DA:476,0
DA:477,0
DA:484,0
DA:486,0
DA:488,0
DA:491,0
FN:491,StealthAuction.validateSwapAgainstAuctions
FNDA:0,StealthAuction.validateSwapAgainstAuctions
DA:498,0
DA:501,0
DA:502,0
DA:504,0
DA:505,0
DA:508,0
DA:509,0
DA:511,0
DA:512,0
DA:519,0
DA:521,0
DA:524,0
FN:524,StealthAuction.checkAuctionSettlementCondition
FNDA:0,StealthAuction.checkAuctionSettlementCondition
DA:525,0
DA:528,0
DA:529,0
DA:531,0
DA:532,0
DA:534,0
DA:537,0
DA:540,0
DA:543,0
FN:543,StealthAuction.calculateAuctionSwapDelta
FNDA:0,StealthAuction.calculateAuctionSwapDelta
DA:550,0
DA:553,0
FN:553,StealthAuction.getMaxSwapAmountForAuction
FNDA:0,StealthAuction.getMaxSwapAmountForAuction
DA:554,0
DA:557,0
DA:558,0
DA:560,0
DA:567,0
FN:567,StealthAuction.getActiveAuctionsForPool
FNDA:0,StealthAuction.getActiveAuctionsForPool
DA:568,0
DA:571,0
FN:571,StealthAuction.updateAuctionForLiquidityChange
FNDA:0,StealthAuction.updateAuctionForLiquidityChange
DA:572,0
DA:575,0
DA:576,0
DA:577,0
DA:581,0
DA:582,0
DA:584,0
DA:585,0
DA:588,0
DA:591,0
FN:591,StealthAuction.updateAuctionPostSwap
FNDA:0,StealthAuction.updateAuctionPostSwap
DA:592,0
DA:594,0
BRDA:594,7,0,-
DA:596,0
DA:597,0
DA:600,0
DA:601,0
DA:603,0
DA:604,0
DA:607,0
DA:611,0
FN:611,StealthAuction.updateAuctionPricing
FNDA:0,StealthAuction.updateAuctionPricing
DA:612,0
DA:615,0
DA:616,0
DA:619,0
DA:620,0
DA:622,0
DA:623,0
DA:626,0
DA:627,0
DA:628,0
DA:630,0
DA:633,0
FN:633,StealthAuction.checkAndTriggerSettlements
FNDA:0,StealthAuction.checkAndTriggerSettlements
DA:634,0
DA:636,0
DA:637,0
DA:639,0
BRDA:639,8,0,-
DA:641,0
DA:646,0
FN:646,StealthAuction.shouldAutoSettle
FNDA:0,StealthAuction.shouldAutoSettle
DA:647,0
DA:653,0
DA:657,20
FN:657,StealthAuction.addAuctionToPool
FNDA:20,StealthAuction.addAuctionToPool
DA:658,20
DA:659,20
DA:663,3
FN:663,StealthAuction.removeAuctionFromPool
FNDA:3,StealthAuction.removeAuctionFromPool
DA:664,3
DA:666,3
DA:667,3
BRDA:667,9,0,3
DA:669,3
DA:670,3
DA:671,0
DA:680,3
FN:680,StealthAuction.settleAuction
FNDA:3,StealthAuction.settleAuction
DA:681,3
DA:684,3
FN:684,StealthAuction._settleAuctionInternal
FNDA:3,StealthAuction._settleAuctionInternal
DA:685,3
DA:687,3
BRDA:687,10,0,-
DA:690,3
DA:691,3
DA:692,3
DA:693,3
DA:696,3
DA:697,3
DA:700,3
DA:705,3
DA:706,3
DA:707,3
DA:710,3
DA:712,3
DA:713,5
DA:717,3
DA:720,3
DA:721,3
DA:724,5
FN:724,StealthAuction.settleBidWithFhe
FNDA:5,StealthAuction.settleBidWithFhe
DA:725,5
DA:726,5
DA:731,5
DA:732,5
DA:733,5
DA:734,5
DA:735,5
DA:746,5
DA:748,5
DA:749,5
DA:756,3
FN:756,StealthAuction.revealParameters
FNDA:3,StealthAuction.revealParameters
DA:757,3
DA:759,3
BRDA:759,12,0,1
DA:761,2
DA:764,2
DA:765,2
DA:766,2
DA:769,2
DA:776,3
FN:776,StealthAuction.getCurrentPrice
FNDA:3,StealthAuction.getCurrentPrice
DA:779,3
DA:782,14
FN:782,StealthAuction.getAuctionInfo
FNDA:14,StealthAuction.getAuctionInfo
DA:787,14
DA:788,14
DA:798,3
FN:798,StealthAuction.isAuctionActive
FNDA:3,StealthAuction.isAuctionActive
DA:801,3
FNF:31
FNH:16
LF:231
LH:118
BRF:12
BRH:4
end_of_record
TN:
SF:src/lib/AuctionLibrary.sol
DA:16,540
FN:16,AuctionLibrary.calculateLinearDecayPrice
FNDA:540,AuctionLibrary.calculateLinearDecayPrice
DA:23,540
DA:24,540
DA:27,540
DA:30,540
DA:31,540
DA:32,540
DA:35,540
DA:36,540
DA:39,540
DA:50,1
FN:50,AuctionLibrary.calculateExponentialDecayPrice
FNDA:1,AuctionLibrary.calculateExponentialDecayPrice
DA:58,1
DA:59,1
DA:62,1
DA:66,1
DA:67,1
DA:68,1
DA:71,1
DA:72,1
DA:73,1
DA:76,1
DA:79,1
DA:88,286
FN:88,AuctionLibrary.validateBid
FNDA:286,AuctionLibrary.validateBid
DA:93,286
DA:96,286
DA:99,286
DA:102,286
DA:103,286
DA:106,286
DA:109,286
DA:116,1
FN:116,AuctionLibrary.calculateValue
FNDA:1,AuctionLibrary.calculateValue
DA:117,1
DA:125,2
FN:125,AuctionLibrary.isAuctionActive
FNDA:2,AuctionLibrary.isAuctionActive
DA:129,2
DA:130,2
DA:131,2
FNF:5
FNH:5
LF:36
LH:36
BRF:0
BRH:0
end_of_record
TN:
SF:src/lib/BidQueue.sol
DA:22,7037
FN:22,BidQueue.enqueue
FNDA:7037,BidQueue.enqueue
DA:23,7037
DA:24,7037
DA:29,7139
FN:29,BidQueue.dequeue
FNDA:7139,BidQueue.dequeue
DA:30,7139
DA:31,7138
DA:36,270
FN:36,BidQueue.peek
FNDA:270,BidQueue.peek
DA:37,270
DA:42,550
FN:42,BidQueue.length
FNDA:550,BidQueue.length
DA:43,550
DA:48,531
FN:48,BidQueue.isEmpty
FNDA:531,BidQueue.isEmpty
DA:49,531
DA:54,135
FN:54,BidQueue.enqueuePriority
FNDA:135,BidQueue.enqueuePriority
DA:55,135
DA:56,135
DA:61,3
FN:61,BidQueue.dequeueBack
FNDA:3,BidQueue.dequeueBack
DA:62,3
DA:63,2
DA:68,4
FN:68,BidQueue.peekBack
FNDA:4,BidQueue.peekBack
DA:69,4
DA:73,1
FN:73,BidQueue.clear
FNDA:1,BidQueue.clear
DA:74,4
DA:75,3
DA:82,7172
FN:82,BidQueue.euintToBytes32
FNDA:7172,BidQueue.euintToBytes32
DA:83,7172
DA:89,7412
FN:89,BidQueue.bytes32ToEuint
FNDA:7412,BidQueue.bytes32ToEuint
DA:90,7412
FNF:11
FNH:11
LF:27
LH:27
BRF:0
BRH:0
end_of_record
TN:
SF:src/lib/FHEPermissions.sol
DA:18,20
FN:18,FHEPermissions.grantAuctionCreationPermissions
FNDA:20,FHEPermissions.grantAuctionCreationPermissions
DA:28,20
DA:29,20
DA:30,20
DA:31,20
DA:34,20
DA:35,20
DA:36,20
DA:37,20
DA:40,20
DA:50,25
FN:50,FHEPermissions.grantBidPermissions
FNDA:25,FHEPermissions.grantBidPermissions
DA:59,25
DA:60,25
DA:63,25
DA:64,25
DA:65,25
DA:68,25
DA:69,25
DA:78,3
FN:78,FHEPermissions.grantSettlementPermissions
FNDA:3,FHEPermissions.grantSettlementPermissions
DA:86,3
DA:87,3
DA:90,3
DA:91,3
DA:94,3
DA:103,0
FN:103,FHEPermissions.grantPoolPermissions
FNDA:0,FHEPermissions.grantPoolPermissions
DA:111,0
DA:112,0
DA:115,0
DA:116,0
DA:125,0
FN:125,FHEPermissions.grantSwapPermissions
FNDA:0,FHEPermissions.grantSwapPermissions
DA:133,0
DA:136,0
DA:137,0
DA:138,0
DA:147,20
FN:147,FHEPermissions.grantTimePermissions
FNDA:20,FHEPermissions.grantTimePermissions
DA:155,20
DA:156,20
DA:159,20
DA:160,20
DA:161,20
DA:168,20
FN:168,FHEPermissions.grantBoolPermissions
FNDA:20,FHEPermissions.grantBoolPermissions
DA:169,20
DA:170,20
FNF:7
FNH:5
LF:43
LH:33
BRF:0
BRH:0
end_of_record
TN:
SF:test/StealthAuction.t.sol
DA:557,0
FN:557,HookMiner.find
FNDA:0,HookMiner.find
DA:562,0
DA:564,0
DA:565,0
DA:566,0
DA:568,0
BRDA:568,0,0,-
DA:569,0
DA:573,0
DA:576,0
FN:576,HookMiner.computeAddress
FNDA:0,HookMiner.computeAddress
DA:577,0
DA:578,0
FNF:2
FNH:0
LF:11
LH:0
BRF:1
BRH:0
end_of_record
TN:
SF:test/utils/Deployers.sol
DA:45,17
FN:45,Deployers.deployFreshManagerAndRouters
FNDA:17,Deployers.deployFreshManagerAndRouters
DA:46,17
DA:49,17
DA:50,17
DA:51,17
DA:52,17
DA:53,17
DA:54,17
DA:55,17
DA:58,0
FN:58,Deployers.createPool
FNDA:0,Deployers.createPool
DA:62,0
DA:63,0
DA:66,0
BRDA:66,0,0,-
DA:67,0
DA:70,0
DA:78,0
DA:79,0
DA:82,0
FN:82,Deployers.createPoolWithLiquidity
FNDA:0,Deployers.createPoolWithLiquidity
DA:86,0
DA:89,0
DA:90,0
DA:93,0
DA:94,0
DA:97,0
DA:98,0
DA:101,0
DA:113,0
FN:113,Deployers.deployTokens
FNDA:0,Deployers.deployTokens
DA:114,0
DA:115,0
DA:116,0
DA:117,0
DA:121,0
FN:121,Deployers.deployAndMintAuctionToken
FNDA:0,Deployers.deployAndMintAuctionToken
DA:125,0
DA:126,0
DA:129,0
FN:129,Deployers.sortTokens
FNDA:0,Deployers.sortTokens
DA:134,0
BRDA:134,1,0,-
BRDA:134,1,1,-
DA:135,0
DA:137,0
DA:141,0
FN:141,Deployers.createPoolKey
FNDA:0,Deployers.createPoolKey
DA:146,0
DA:148,0
FNF:7
FNH:1
LF:41
LH:9
BRF:3
BRH:0
end_of_record
TN:
SF:test/utils/Fixtures.sol
DA:24,17
FN:24,Fixtures.deployPosm
FNDA:17,Fixtures.deployPosm
DA:25,0
DA:30,0
FN:30,Fixtures.seedBalance
FNDA:0,Fixtures.seedBalance
DA:31,0
DA:34,0
FN:34,Fixtures.setupPool
FNDA:0,Fixtures.setupPool
DA:36,0
DA:39,0
FN:39,Fixtures.addLiquidity
FNDA:0,Fixtures.addLiquidity
DA:44,0
BRDA:44,0,0,-
BRDA:44,0,1,-
DA:45,0
BRDA:45,1,0,-
BRDA:45,1,1,-
DA:48,0
DA:51,0
FN:51,Fixtures.removeLiquidity
FNDA:0,Fixtures.removeLiquidity
DA:56,0
DA:59,0
FN:59,Fixtures.performSwap
FNDA:0,Fixtures.performSwap
DA:64,0
DA:67,0
FN:67,Fixtures.approvePosmFor
FNDA:0,Fixtures.approvePosmFor
DA:69,0
DA:70,0
DA:71,0
DA:72,0
FNF:7
FNH:1
LF:19
LH:1
BRF:4
BRH:0
end_of_record
TN:
SF:test/utils/forks/DeployPermit2.sol
DA:13,17
FN:13,DeployPermit2.deployPermit2
FNDA:17,DeployPermit2.deployPermit2
DA:14,17
BRDA:14,0,0,17
DA:15,17
DA:16,17
DA:20,0
FN:20,DeployPermit2.deployBytecode
FNDA:0,DeployPermit2.deployBytecode
DA:22,0
DA:24,0
BRDA:24,1,0,-
BRDA:24,1,1,-
FNF:2
FNH:1
LF:7
LH:4
BRF:3
BRH:1
end_of_record
TN:
SF:test/utils/forks/Permit2Bytecode.sol
DA:8,17
FN:8,Permit2Bytecode.deploy
FNDA:17,Permit2Bytecode.deploy
DA:11,17
FNF:1
FNH:1
LF:2
LH:2
BRF:0
BRH:0
end_of_record
